[     154ms] [INFO] %cDownload the React DevTools for a better development experience: https://react.dev/link/react-devtools font-weight:bold @ http://localhost:3000/_next/static/chunks/11y7_next_dist_0bi0ewc._.js:2431
[     168ms] [LOG] [HMR] connected @ http://localhost:3000/_next/static/chunks/11y7_next_dist_0bi0ewc._.js:2431
[   29243ms] [LOG] [Fast Refresh] rebuilding @ http://localhost:3000/_next/static/chunks/11y7_next_dist_0bi0ewc._.js:2431
[   29307ms] [ERROR] ./apps/web/app/api/auth/login/route.ts:2:1
Export getResponseMessage doesn't exist in target module
  1 | import { NextRequest, NextResponse } from 'next/server'
> 2 | import {
    | ^^^^^^^
> 3 |   getResponseMessage,
    | ^^^^^^^^^^^^^^^^^^^^^
> 4 |   readJsonRequestBody,
    | ^^^^^^^^^^^^^^^^^^^^^^
> 5 |   readResponseBody,
    | ^^^^^^^^^^^^^^^^^^^
> 6 | } from '@/lib/api-proxy'
    | ^^^^^^^^^^^^^^^^^^^^^^^^
  7 | import {
  8 |   AUTH_SESSION_COOKIE,
  9 |   getRedirectPathForSession,

The export getResponseMessage was not found in module [project]/apps/web/lib/api-proxy.ts [app-route] (ecmascript).
Did you mean to import createRoleProxyRequest?
All exports of the module are statically known (It doesn't have dynamic exports). So it's known statically that the requested export doesn't exist. @ http://localhost:3000/_next/static/chunks/11y7_next_dist_0bi0ewc._.js:3272
[   29308ms] [ERROR] ./apps/web/app/api/auth/login/route.ts:2:1
Export readJsonRequestBody doesn't exist in target module
  1 | import { NextRequest, NextResponse } from 'next/server'
> 2 | import {
    | ^^^^^^^
> 3 |   getResponseMessage,
    | ^^^^^^^^^^^^^^^^^^^^^
> 4 |   readJsonRequestBody,
    | ^^^^^^^^^^^^^^^^^^^^^^
> 5 |   readResponseBody,
    | ^^^^^^^^^^^^^^^^^^^
> 6 | } from '@/lib/api-proxy'
    | ^^^^^^^^^^^^^^^^^^^^^^^^
  7 | import {
  8 |   AUTH_SESSION_COOKIE,
  9 |   getRedirectPathForSession,

The export readJsonRequestBody was not found in module [project]/apps/web/lib/api-proxy.ts [app-route] (ecmascript).
Did you mean to import createRoleProxyRequest?
All exports of the module are statically known (It doesn't have dynamic exports). So it's known statically that the requested export doesn't exist. @ http://localhost:3000/_next/static/chunks/11y7_next_dist_0bi0ewc._.js:3272
[   29308ms] [ERROR] ./apps/web/app/api/auth/login/route.ts:2:1
Export readResponseBody doesn't exist in target module
  1 | import { NextRequest, NextResponse } from 'next/server'
> 2 | import {
    | ^^^^^^^
> 3 |   getResponseMessage,
    | ^^^^^^^^^^^^^^^^^^^^^
> 4 |   readJsonRequestBody,
    | ^^^^^^^^^^^^^^^^^^^^^^
> 5 |   readResponseBody,
    | ^^^^^^^^^^^^^^^^^^^
> 6 | } from '@/lib/api-proxy'
    | ^^^^^^^^^^^^^^^^^^^^^^^^
  7 | import {
  8 |   AUTH_SESSION_COOKIE,
  9 |   getRedirectPathForSession,

The export readResponseBody was not found in module [project]/apps/web/lib/api-proxy.ts [app-route] (ecmascript).
Did you mean to import buildProxyResponse?
All exports of the module are statically known (It doesn't have dynamic exports). So it's known statically that the requested export doesn't exist. @ http://localhost:3000/_next/static/chunks/11y7_next_dist_0bi0ewc._.js:3272
[   29409ms] [LOG] [Fast Refresh] rebuilding @ http://localhost:3000/_next/static/chunks/11y7_next_dist_0bi0ewc._.js:2431
[   29550ms] [ERROR] ./apps/web/app/api/auth/login/route.ts:2:1
Export getResponseMessage doesn't exist in target module
  1 | import { NextRequest, NextResponse } from 'next/server'
> 2 | import {
    | ^^^^^^^
> 3 |   getResponseMessage,
    | ^^^^^^^^^^^^^^^^^^^^^
> 4 |   readJsonRequestBody,
    | ^^^^^^^^^^^^^^^^^^^^^^
> 5 |   readResponseBody,
    | ^^^^^^^^^^^^^^^^^^^
> 6 | } from '@/lib/api-proxy'
    | ^^^^^^^^^^^^^^^^^^^^^^^^
  7 | import {
  8 |   AUTH_SESSION_COOKIE,
  9 |   getRedirectPathForSession,

The export getResponseMessage was not found in module [project]/apps/web/lib/api-proxy.ts [app-route] (ecmascript).
Did you mean to import createRoleProxyRequest?
All exports of the module are statically known (It doesn't have dynamic exports). So it's known statically that the requested export doesn't exist. @ http://localhost:3000/_next/static/chunks/11y7_next_dist_0bi0ewc._.js:3272
[   29550ms] [ERROR] ./apps/web/app/api/auth/login/route.ts:2:1
Export readJsonRequestBody doesn't exist in target module
  1 | import { NextRequest, NextResponse } from 'next/server'
> 2 | import {
    | ^^^^^^^
> 3 |   getResponseMessage,
    | ^^^^^^^^^^^^^^^^^^^^^
> 4 |   readJsonRequestBody,
    | ^^^^^^^^^^^^^^^^^^^^^^
> 5 |   readResponseBody,
    | ^^^^^^^^^^^^^^^^^^^
> 6 | } from '@/lib/api-proxy'
    | ^^^^^^^^^^^^^^^^^^^^^^^^
  7 | import {
  8 |   AUTH_SESSION_COOKIE,
  9 |   getRedirectPathForSession,

The export readJsonRequestBody was not found in module [project]/apps/web/lib/api-proxy.ts [app-route] (ecmascript).
Did you mean to import createRoleProxyRequest?
All exports of the module are statically known (It doesn't have dynamic exports). So it's known statically that the requested export doesn't exist. @ http://localhost:3000/_next/static/chunks/11y7_next_dist_0bi0ewc._.js:3272
[   29551ms] [ERROR] ./apps/web/app/api/auth/login/route.ts:2:1
Export readResponseBody doesn't exist in target module
  1 | import { NextRequest, NextResponse } from 'next/server'
> 2 | import {
    | ^^^^^^^
> 3 |   getResponseMessage,
    | ^^^^^^^^^^^^^^^^^^^^^
> 4 |   readJsonRequestBody,
    | ^^^^^^^^^^^^^^^^^^^^^^
> 5 |   readResponseBody,
    | ^^^^^^^^^^^^^^^^^^^
> 6 | } from '@/lib/api-proxy'
    | ^^^^^^^^^^^^^^^^^^^^^^^^
  7 | import {
  8 |   AUTH_SESSION_COOKIE,
  9 |   getRedirectPathForSession,

The export readResponseBody was not found in module [project]/apps/web/lib/api-proxy.ts [app-route] (ecmascript).
Did you mean to import buildProxyResponse?
All exports of the module are statically known (It doesn't have dynamic exports). So it's known statically that the requested export doesn't exist. @ http://localhost:3000/_next/static/chunks/11y7_next_dist_0bi0ewc._.js:3272
[   29652ms] [LOG] [Fast Refresh] rebuilding @ http://localhost:3000/_next/static/chunks/11y7_next_dist_0bi0ewc._.js:2431
[   29775ms] [ERROR] ./apps/web/app/api/auth/login/route.ts:2:1
Export getResponseMessage doesn't exist in target module
  1 | import { NextRequest, NextResponse } from 'next/server'
> 2 | import {
    | ^^^^^^^
> 3 |   getResponseMessage,
    | ^^^^^^^^^^^^^^^^^^^^^
> 4 |   readJsonRequestBody,
    | ^^^^^^^^^^^^^^^^^^^^^^
> 5 |   readResponseBody,
    | ^^^^^^^^^^^^^^^^^^^
> 6 | } from '@/lib/api-proxy'
    | ^^^^^^^^^^^^^^^^^^^^^^^^
  7 | import {
  8 |   AUTH_SESSION_COOKIE,
  9 |   getRedirectPathForSession,

The export getResponseMessage was not found in module [project]/apps/web/lib/api-proxy.ts [app-route] (ecmascript).
Did you mean to import createRoleProxyRequest?
All exports of the module are statically known (It doesn't have dynamic exports). So it's known statically that the requested export doesn't exist. @ http://localhost:3000/_next/static/chunks/11y7_next_dist_0bi0ewc._.js:3272
[   29775ms] [ERROR] ./apps/web/app/api/auth/login/route.ts:2:1
Export readJsonRequestBody doesn't exist in target module
  1 | import { NextRequest, NextResponse } from 'next/server'
> 2 | import {
    | ^^^^^^^
> 3 |   getResponseMessage,
    | ^^^^^^^^^^^^^^^^^^^^^
> 4 |   readJsonRequestBody,
    | ^^^^^^^^^^^^^^^^^^^^^^
> 5 |   readResponseBody,
    | ^^^^^^^^^^^^^^^^^^^
> 6 | } from '@/lib/api-proxy'
    | ^^^^^^^^^^^^^^^^^^^^^^^^
  7 | import {
  8 |   AUTH_SESSION_COOKIE,
  9 |   getRedirectPathForSession,

The export readJsonRequestBody was not found in module [project]/apps/web/lib/api-proxy.ts [app-route] (ecmascript).
Did you mean to import createRoleProxyRequest?
All exports of the module are statically known (It doesn't have dynamic exports). So it's known statically that the requested export doesn't exist. @ http://localhost:3000/_next/static/chunks/11y7_next_dist_0bi0ewc._.js:3272
[   29775ms] [ERROR] ./apps/web/app/api/auth/login/route.ts:2:1
Export readResponseBody doesn't exist in target module
  1 | import { NextRequest, NextResponse } from 'next/server'
> 2 | import {
    | ^^^^^^^
> 3 |   getResponseMessage,
    | ^^^^^^^^^^^^^^^^^^^^^
> 4 |   readJsonRequestBody,
    | ^^^^^^^^^^^^^^^^^^^^^^
> 5 |   readResponseBody,
    | ^^^^^^^^^^^^^^^^^^^
> 6 | } from '@/lib/api-proxy'
    | ^^^^^^^^^^^^^^^^^^^^^^^^
  7 | import {
  8 |   AUTH_SESSION_COOKIE,
  9 |   getRedirectPathForSession,

The export readResponseBody was not found in module [project]/apps/web/lib/api-proxy.ts [app-route] (ecmascript).
Did you mean to import buildProxyResponse?
All exports of the module are statically known (It doesn't have dynamic exports). So it's known statically that the requested export doesn't exist. @ http://localhost:3000/_next/static/chunks/11y7_next_dist_0bi0ewc._.js:3272
[   29778ms] [ERROR] Failed to load resource: the server responded with a status of 500 (Internal Server Error) @ http://localhost:3000/api/auth/login:0
[   37305ms] [ERROR] ./apps/web/app/api/auth/login/route.ts:2:1
Export getResponseMessage doesn't exist in target module
  1 | import { NextRequest, NextResponse } from 'next/server'
> 2 | import {
    | ^^^^^^^
> 3 |   getResponseMessage,
    | ^^^^^^^^^^^^^^^^^^^^^
> 4 |   readJsonRequestBody,
    | ^^^^^^^^^^^^^^^^^^^^^^
> 5 |   readResponseBody,
    | ^^^^^^^^^^^^^^^^^^^
> 6 | } from '@/lib/api-proxy'
    | ^^^^^^^^^^^^^^^^^^^^^^^^
  7 | import {
  8 |   AUTH_SESSION_COOKIE,
  9 |   getRedirectPathForSession,

The export getResponseMessage was not found in module [project]/apps/web/lib/api-proxy.ts [app-route] (ecmascript).
Did you mean to import createRoleProxyRequest?
All exports of the module are statically known (It doesn't have dynamic exports). So it's known statically that the requested export doesn't exist. @ http://localhost:3000/_next/static/chunks/11y7_next_dist_0bi0ewc._.js:3272
[   37306ms] [ERROR] ./apps/web/app/api/auth/login/route.ts:2:1
Export readJsonRequestBody doesn't exist in target module
  1 | import { NextRequest, NextResponse } from 'next/server'
> 2 | import {
    | ^^^^^^^
> 3 |   getResponseMessage,
    | ^^^^^^^^^^^^^^^^^^^^^
> 4 |   readJsonRequestBody,
    | ^^^^^^^^^^^^^^^^^^^^^^
> 5 |   readResponseBody,
    | ^^^^^^^^^^^^^^^^^^^
> 6 | } from '@/lib/api-proxy'
    | ^^^^^^^^^^^^^^^^^^^^^^^^
  7 | import {
  8 |   AUTH_SESSION_COOKIE,
  9 |   getRedirectPathForSession,

The export readJsonRequestBody was not found in module [project]/apps/web/lib/api-proxy.ts [app-route] (ecmascript).
Did you mean to import createRoleProxyRequest?
All exports of the module are statically known (It doesn't have dynamic exports). So it's known statically that the requested export doesn't exist. @ http://localhost:3000/_next/static/chunks/11y7_next_dist_0bi0ewc._.js:3272
[   37306ms] [ERROR] ./apps/web/app/api/auth/login/route.ts:2:1
Export readResponseBody doesn't exist in target module
  1 | import { NextRequest, NextResponse } from 'next/server'
> 2 | import {
    | ^^^^^^^
> 3 |   getResponseMessage,
    | ^^^^^^^^^^^^^^^^^^^^^
> 4 |   readJsonRequestBody,
    | ^^^^^^^^^^^^^^^^^^^^^^
> 5 |   readResponseBody,
    | ^^^^^^^^^^^^^^^^^^^
> 6 | } from '@/lib/api-proxy'
    | ^^^^^^^^^^^^^^^^^^^^^^^^
  7 | import {
  8 |   AUTH_SESSION_COOKIE,
  9 |   getRedirectPathForSession,

The export readResponseBody was not found in module [project]/apps/web/lib/api-proxy.ts [app-route] (ecmascript).
Did you mean to import buildProxyResponse?
All exports of the module are statically known (It doesn't have dynamic exports). So it's known statically that the requested export doesn't exist. @ http://localhost:3000/_next/static/chunks/11y7_next_dist_0bi0ewc._.js:3272
[   37373ms] [LOG] [Fast Refresh] rebuilding @ http://localhost:3000/_next/static/chunks/11y7_next_dist_0bi0ewc._.js:2431
[   37639ms] [ERROR] ./apps/web/app/api/auth/login/route.ts:2:1
Export getResponseMessage doesn't exist in target module
  1 | import { NextRequest, NextResponse } from 'next/server'
> 2 | import {
    | ^^^^^^^
> 3 |   getResponseMessage,
    | ^^^^^^^^^^^^^^^^^^^^^
> 4 |   readJsonRequestBody,
    | ^^^^^^^^^^^^^^^^^^^^^^
> 5 |   readResponseBody,
    | ^^^^^^^^^^^^^^^^^^^
> 6 | } from '@/lib/api-proxy'
    | ^^^^^^^^^^^^^^^^^^^^^^^^
  7 | import {
  8 |   AUTH_SESSION_COOKIE,
  9 |   getRedirectPathForSession,

The export getResponseMessage was not found in module [project]/apps/web/lib/api-proxy.ts [app-route] (ecmascript).
Did you mean to import createRoleProxyRequest?
All exports of the module are statically known (It doesn't have dynamic exports). So it's known statically that the requested export doesn't exist. @ http://localhost:3000/_next/static/chunks/11y7_next_dist_0bi0ewc._.js:3272
[   37639ms] [ERROR] ./apps/web/app/api/auth/login/route.ts:2:1
Export readJsonRequestBody doesn't exist in target module
  1 | import { NextRequest, NextResponse } from 'next/server'
> 2 | import {
    | ^^^^^^^
> 3 |   getResponseMessage,
    | ^^^^^^^^^^^^^^^^^^^^^
> 4 |   readJsonRequestBody,
    | ^^^^^^^^^^^^^^^^^^^^^^
> 5 |   readResponseBody,
    | ^^^^^^^^^^^^^^^^^^^
> 6 | } from '@/lib/api-proxy'
    | ^^^^^^^^^^^^^^^^^^^^^^^^
  7 | import {
  8 |   AUTH_SESSION_COOKIE,
  9 |   getRedirectPathForSession,

The export readJsonRequestBody was not found in module [project]/apps/web/lib/api-proxy.ts [app-route] (ecmascript).
Did you mean to import createRoleProxyRequest?
All exports of the module are statically known (It doesn't have dynamic exports). So it's known statically that the requested export doesn't exist. @ http://localhost:3000/_next/static/chunks/11y7_next_dist_0bi0ewc._.js:3272
[   37639ms] [ERROR] ./apps/web/app/api/auth/login/route.ts:2:1
Export readResponseBody doesn't exist in target module
  1 | import { NextRequest, NextResponse } from 'next/server'
> 2 | import {
    | ^^^^^^^
> 3 |   getResponseMessage,
    | ^^^^^^^^^^^^^^^^^^^^^
> 4 |   readJsonRequestBody,
    | ^^^^^^^^^^^^^^^^^^^^^^
> 5 |   readResponseBody,
    | ^^^^^^^^^^^^^^^^^^^
> 6 | } from '@/lib/api-proxy'
    | ^^^^^^^^^^^^^^^^^^^^^^^^
  7 | import {
  8 |   AUTH_SESSION_COOKIE,
  9 |   getRedirectPathForSession,

The export readResponseBody was not found in module [project]/apps/web/lib/api-proxy.ts [app-route] (ecmascript).
Did you mean to import buildProxyResponse?
All exports of the module are statically known (It doesn't have dynamic exports). So it's known statically that the requested export doesn't exist. @ http://localhost:3000/_next/static/chunks/11y7_next_dist_0bi0ewc._.js:3272
[   37696ms] [LOG] [Fast Refresh] rebuilding @ http://localhost:3000/_next/static/chunks/11y7_next_dist_0bi0ewc._.js:2431
[   73851ms] [ERROR] ./apps/web/app/api/auth/login/route.ts:2:1
Export getResponseMessage doesn't exist in target module
  1 | import { NextRequest, NextResponse } from 'next/server'
> 2 | import {
    | ^^^^^^^
> 3 |   getResponseMessage,
    | ^^^^^^^^^^^^^^^^^^^^^
> 4 |   readJsonRequestBody,
    | ^^^^^^^^^^^^^^^^^^^^^^
> 5 |   readResponseBody,
    | ^^^^^^^^^^^^^^^^^^^
> 6 | } from '@/lib/api-proxy'
    | ^^^^^^^^^^^^^^^^^^^^^^^^
  7 | import {
  8 |   AUTH_SESSION_COOKIE,
  9 |   getRedirectPathForSession,

The export getResponseMessage was not found in module [project]/apps/web/lib/api-proxy.ts [app-route] (ecmascript).
Did you mean to import createRoleProxyRequest?
All exports of the module are statically known (It doesn't have dynamic exports). So it's known statically that the requested export doesn't exist. @ http://localhost:3000/_next/static/chunks/11y7_next_dist_0bi0ewc._.js:3272
[   73852ms] [ERROR] ./apps/web/app/api/auth/login/route.ts:2:1
Export readJsonRequestBody doesn't exist in target module
  1 | import { NextRequest, NextResponse } from 'next/server'
> 2 | import {
    | ^^^^^^^
> 3 |   getResponseMessage,
    | ^^^^^^^^^^^^^^^^^^^^^
> 4 |   readJsonRequestBody,
    | ^^^^^^^^^^^^^^^^^^^^^^
> 5 |   readResponseBody,
    | ^^^^^^^^^^^^^^^^^^^
> 6 | } from '@/lib/api-proxy'
    | ^^^^^^^^^^^^^^^^^^^^^^^^
  7 | import {
  8 |   AUTH_SESSION_COOKIE,
  9 |   getRedirectPathForSession,

The export readJsonRequestBody was not found in module [project]/apps/web/lib/api-proxy.ts [app-route] (ecmascript).
Did you mean to import createRoleProxyRequest?
All exports of the module are statically known (It doesn't have dynamic exports). So it's known statically that the requested export doesn't exist. @ http://localhost:3000/_next/static/chunks/11y7_next_dist_0bi0ewc._.js:3272
[   73852ms] [ERROR] ./apps/web/app/api/auth/login/route.ts:2:1
Export readResponseBody doesn't exist in target module
  1 | import { NextRequest, NextResponse } from 'next/server'
> 2 | import {
    | ^^^^^^^
> 3 |   getResponseMessage,
    | ^^^^^^^^^^^^^^^^^^^^^
> 4 |   readJsonRequestBody,
    | ^^^^^^^^^^^^^^^^^^^^^^
> 5 |   readResponseBody,
    | ^^^^^^^^^^^^^^^^^^^
> 6 | } from '@/lib/api-proxy'
    | ^^^^^^^^^^^^^^^^^^^^^^^^
  7 | import {
  8 |   AUTH_SESSION_COOKIE,
  9 |   getRedirectPathForSession,

The export readResponseBody was not found in module [project]/apps/web/lib/api-proxy.ts [app-route] (ecmascript).
Did you mean to import buildProxyResponse?
All exports of the module are statically known (It doesn't have dynamic exports). So it's known statically that the requested export doesn't exist. @ http://localhost:3000/_next/static/chunks/11y7_next_dist_0bi0ewc._.js:3272
[   73890ms] [LOG] [Fast Refresh] rebuilding @ http://localhost:3000/_next/static/chunks/11y7_next_dist_0bi0ewc._.js:2431
