[     136ms] [ERROR] Failed to load resource: the server responded with a status of 500 (Internal Server Error) @ http://localhost:3000/:0
[     201ms] [INFO] %cDownload the React DevTools for a better development experience: https://react.dev/link/react-devtools font-weight:bold @ http://localhost:3000/_next/static/chunks/0p2h_react-dom_0vsf22y._.js:15305
[     235ms] Error: ./apps/web/app/api/auth/login/route.ts:2:1
Export getResponseMessage doesn't exist in target module
  1 | import { NextRequest, NextResponse } from 'next/server'
> 2 | import {
    | ^^^^^^^
> 3 |   getResponseMessage,
    | ^^^^^^^^^^^^^^^^^^^^^
> 4 |   readJsonRequestBody,
    | ^^^^^^^^^^^^^^^^^^^^^^
> 5 |   readResponseBody,
    | ^^^^^^^^^^^^^^^^^^^
> 6 | } from '@/lib/api-proxy'
    | ^^^^^^^^^^^^^^^^^^^^^^^^
  7 | import {
  8 |   AUTH_SESSION_COOKIE,
  9 |   getRedirectPathForSession,

The export getResponseMessage was not found in module [project]/apps/web/lib/api-proxy.ts [app-route] (ecmascript).
Did you mean to import createRoleProxyRequest?
All exports of the module are statically known (It doesn't have dynamic exports). So it's known statically that the requested export doesn't exist.


    at <unknown> (Error: ./apps/web/app/api/auth/login/route.ts:2:1)
    at Object.getCompilationErrors (file:///Users/yakihyuk0728/Documents/GitHub/GBSW-Platform/node_modules/.pnpm/next@16.2.1_@babel+core@7.29.0_react-dom@19.2.4_react@19.2.4__react@19.2.4/node_modules/next/dist/server/dev/hot-reloader-turbopack.js:1189:59)
    at DevBundlerService.getCompilationError (file:///Users/yakihyuk0728/Documents/GitHub/GBSW-Platform/node_modules/.pnpm/next@16.2.1_@babel+core@7.29.0_react-dom@19.2.4_react@19.2.4__react@19.2.4/node_modules/next/dist/server/lib/dev-bundler-service.js:44:55)
    at DevServer.getCompilationError (file:///Users/yakihyuk0728/Documents/GitHub/GBSW-Platform/node_modules/.pnpm/next@16.2.1_@babel+core@7.29.0_react-dom@19.2.4_react@19.2.4__react@19.2.4/node_modules/next/dist/server/dev/next-dev-server.js:719:42)
    at DevServer.findPageComponents (file:///Users/yakihyuk0728/Documents/GitHub/GBSW-Platform/node_modules/.pnpm/next@16.2.1_@babel+core@7.29.0_react-dom@19.2.4_react@19.2.4__react@19.2.4/node_modules/next/dist/server/dev/next-dev-server.js:689:43)
    at async DevServer.renderErrorToResponseImpl (file:///Users/yakihyuk0728/Documents/GitHub/GBSW-Platform/node_modules/.pnpm/next@16.2.1_@babel+core@7.29.0_react-dom@19.2.4_react@19.2.4__react@19.2.4/node_modules/next/dist/server/base-server.js:1745:26)
[     229ms] [LOG] [HMR] connected @ http://localhost:3000/_next/static/chunks/11y7_next_dist_08kviqv._.js:1226
[     230ms] [ERROR] ./apps/web/app/api/auth/login/route.ts:2:1
Export getResponseMessage doesn't exist in target module
  1 | import { NextRequest, NextResponse } from 'next/server'
> 2 | import {
    | ^^^^^^^
> 3 |   getResponseMessage,
    | ^^^^^^^^^^^^^^^^^^^^^
> 4 |   readJsonRequestBody,
    | ^^^^^^^^^^^^^^^^^^^^^^
> 5 |   readResponseBody,
    | ^^^^^^^^^^^^^^^^^^^
> 6 | } from '@/lib/api-proxy'
    | ^^^^^^^^^^^^^^^^^^^^^^^^
  7 | import {
  8 |   AUTH_SESSION_COOKIE,
  9 |   getRedirectPathForSession,

The export getResponseMessage was not found in module [project]/apps/web/lib/api-proxy.ts [app-route] (ecmascript).
Did you mean to import createRoleProxyRequest?
All exports of the module are statically known (It doesn't have dynamic exports). So it's known statically that the requested export doesn't exist. @ http://localhost:3000/_next/static/chunks/11y7_next_dist_08kviqv._.js:1945
[     230ms] [ERROR] ./apps/web/app/api/auth/login/route.ts:2:1
Export readJsonRequestBody doesn't exist in target module
  1 | import { NextRequest, NextResponse } from 'next/server'
> 2 | import {
    | ^^^^^^^
> 3 |   getResponseMessage,
    | ^^^^^^^^^^^^^^^^^^^^^
> 4 |   readJsonRequestBody,
    | ^^^^^^^^^^^^^^^^^^^^^^
> 5 |   readResponseBody,
    | ^^^^^^^^^^^^^^^^^^^
> 6 | } from '@/lib/api-proxy'
    | ^^^^^^^^^^^^^^^^^^^^^^^^
  7 | import {
  8 |   AUTH_SESSION_COOKIE,
  9 |   getRedirectPathForSession,

The export readJsonRequestBody was not found in module [project]/apps/web/lib/api-proxy.ts [app-route] (ecmascript).
Did you mean to import createRoleProxyRequest?
All exports of the module are statically known (It doesn't have dynamic exports). So it's known statically that the requested export doesn't exist. @ http://localhost:3000/_next/static/chunks/11y7_next_dist_08kviqv._.js:1945
[     230ms] [ERROR] ./apps/web/app/api/auth/login/route.ts:2:1
Export readResponseBody doesn't exist in target module
  1 | import { NextRequest, NextResponse } from 'next/server'
> 2 | import {
    | ^^^^^^^
> 3 |   getResponseMessage,
    | ^^^^^^^^^^^^^^^^^^^^^
> 4 |   readJsonRequestBody,
    | ^^^^^^^^^^^^^^^^^^^^^^
> 5 |   readResponseBody,
    | ^^^^^^^^^^^^^^^^^^^
> 6 | } from '@/lib/api-proxy'
    | ^^^^^^^^^^^^^^^^^^^^^^^^
  7 | import {
  8 |   AUTH_SESSION_COOKIE,
  9 |   getRedirectPathForSession,

The export readResponseBody was not found in module [project]/apps/web/lib/api-proxy.ts [app-route] (ecmascript).
Did you mean to import buildProxyResponse?
All exports of the module are statically known (It doesn't have dynamic exports). So it's known statically that the requested export doesn't exist. @ http://localhost:3000/_next/static/chunks/11y7_next_dist_08kviqv._.js:1945
[     337ms] [ERROR] ./apps/web/app/api/auth/login/route.ts:2:1
Export getResponseMessage doesn't exist in target module
  1 | import { NextRequest, NextResponse } from 'next/server'
> 2 | import {
    | ^^^^^^^
> 3 |   getResponseMessage,
    | ^^^^^^^^^^^^^^^^^^^^^
> 4 |   readJsonRequestBody,
    | ^^^^^^^^^^^^^^^^^^^^^^
> 5 |   readResponseBody,
    | ^^^^^^^^^^^^^^^^^^^
> 6 | } from '@/lib/api-proxy'
    | ^^^^^^^^^^^^^^^^^^^^^^^^
  7 | import {
  8 |   AUTH_SESSION_COOKIE,
  9 |   getRedirectPathForSession,

The export getResponseMessage was not found in module [project]/apps/web/lib/api-proxy.ts [app-route] (ecmascript).
Did you mean to import createRoleProxyRequest?
All exports of the module are statically known (It doesn't have dynamic exports). So it's known statically that the requested export doesn't exist. @ http://localhost:3000/_next/static/chunks/11y7_next_dist_08kviqv._.js:1945
[     338ms] [ERROR] ./apps/web/app/api/auth/login/route.ts:2:1
Export readJsonRequestBody doesn't exist in target module
  1 | import { NextRequest, NextResponse } from 'next/server'
> 2 | import {
    | ^^^^^^^
> 3 |   getResponseMessage,
    | ^^^^^^^^^^^^^^^^^^^^^
> 4 |   readJsonRequestBody,
    | ^^^^^^^^^^^^^^^^^^^^^^
> 5 |   readResponseBody,
    | ^^^^^^^^^^^^^^^^^^^
> 6 | } from '@/lib/api-proxy'
    | ^^^^^^^^^^^^^^^^^^^^^^^^
  7 | import {
  8 |   AUTH_SESSION_COOKIE,
  9 |   getRedirectPathForSession,

The export readJsonRequestBody was not found in module [project]/apps/web/lib/api-proxy.ts [app-route] (ecmascript).
Did you mean to import createRoleProxyRequest?
All exports of the module are statically known (It doesn't have dynamic exports). So it's known statically that the requested export doesn't exist. @ http://localhost:3000/_next/static/chunks/11y7_next_dist_08kviqv._.js:1945
[     338ms] [ERROR] ./apps/web/app/api/auth/login/route.ts:2:1
Export readResponseBody doesn't exist in target module
  1 | import { NextRequest, NextResponse } from 'next/server'
> 2 | import {
    | ^^^^^^^
> 3 |   getResponseMessage,
    | ^^^^^^^^^^^^^^^^^^^^^
> 4 |   readJsonRequestBody,
    | ^^^^^^^^^^^^^^^^^^^^^^
> 5 |   readResponseBody,
    | ^^^^^^^^^^^^^^^^^^^
> 6 | } from '@/lib/api-proxy'
    | ^^^^^^^^^^^^^^^^^^^^^^^^
  7 | import {
  8 |   AUTH_SESSION_COOKIE,
  9 |   getRedirectPathForSession,

The export readResponseBody was not found in module [project]/apps/web/lib/api-proxy.ts [app-route] (ecmascript).
Did you mean to import buildProxyResponse?
All exports of the module are statically known (It doesn't have dynamic exports). So it's known statically that the requested export doesn't exist. @ http://localhost:3000/_next/static/chunks/11y7_next_dist_08kviqv._.js:1945
[     357ms] [LOG] [Fast Refresh] rebuilding @ http://localhost:3000/_next/static/chunks/11y7_next_dist_08kviqv._.js:1226
[    7454ms] [ERROR] ./apps/web/app/api/auth/login/route.ts:2:1
Export getResponseMessage doesn't exist in target module
  1 | import { NextRequest, NextResponse } from 'next/server'
> 2 | import {
    | ^^^^^^^
> 3 |   getResponseMessage,
    | ^^^^^^^^^^^^^^^^^^^^^
> 4 |   readJsonRequestBody,
    | ^^^^^^^^^^^^^^^^^^^^^^
> 5 |   readResponseBody,
    | ^^^^^^^^^^^^^^^^^^^
> 6 | } from '@/lib/api-proxy'
    | ^^^^^^^^^^^^^^^^^^^^^^^^
  7 | import {
  8 |   AUTH_SESSION_COOKIE,
  9 |   getRedirectPathForSession,

The export getResponseMessage was not found in module [project]/apps/web/lib/api-proxy.ts [app-route] (ecmascript).
Did you mean to import createRoleProxyRequest?
All exports of the module are statically known (It doesn't have dynamic exports). So it's known statically that the requested export doesn't exist. @ http://localhost:3000/_next/static/chunks/11y7_next_dist_08kviqv._.js:1945
[    7455ms] [ERROR] ./apps/web/app/api/auth/login/route.ts:2:1
Export readJsonRequestBody doesn't exist in target module
  1 | import { NextRequest, NextResponse } from 'next/server'
> 2 | import {
    | ^^^^^^^
> 3 |   getResponseMessage,
    | ^^^^^^^^^^^^^^^^^^^^^
> 4 |   readJsonRequestBody,
    | ^^^^^^^^^^^^^^^^^^^^^^
> 5 |   readResponseBody,
    | ^^^^^^^^^^^^^^^^^^^
> 6 | } from '@/lib/api-proxy'
    | ^^^^^^^^^^^^^^^^^^^^^^^^
  7 | import {
  8 |   AUTH_SESSION_COOKIE,
  9 |   getRedirectPathForSession,

The export readJsonRequestBody was not found in module [project]/apps/web/lib/api-proxy.ts [app-route] (ecmascript).
Did you mean to import createRoleProxyRequest?
All exports of the module are statically known (It doesn't have dynamic exports). So it's known statically that the requested export doesn't exist. @ http://localhost:3000/_next/static/chunks/11y7_next_dist_08kviqv._.js:1945
[    7455ms] [ERROR] ./apps/web/app/api/auth/login/route.ts:2:1
Export readResponseBody doesn't exist in target module
  1 | import { NextRequest, NextResponse } from 'next/server'
> 2 | import {
    | ^^^^^^^
> 3 |   getResponseMessage,
    | ^^^^^^^^^^^^^^^^^^^^^
> 4 |   readJsonRequestBody,
    | ^^^^^^^^^^^^^^^^^^^^^^
> 5 |   readResponseBody,
    | ^^^^^^^^^^^^^^^^^^^
> 6 | } from '@/lib/api-proxy'
    | ^^^^^^^^^^^^^^^^^^^^^^^^
  7 | import {
  8 |   AUTH_SESSION_COOKIE,
  9 |   getRedirectPathForSession,

The export readResponseBody was not found in module [project]/apps/web/lib/api-proxy.ts [app-route] (ecmascript).
Did you mean to import buildProxyResponse?
All exports of the module are statically known (It doesn't have dynamic exports). So it's known statically that the requested export doesn't exist. @ http://localhost:3000/_next/static/chunks/11y7_next_dist_08kviqv._.js:1945
[    7522ms] [LOG] [Fast Refresh] rebuilding @ http://localhost:3000/_next/static/chunks/11y7_next_dist_08kviqv._.js:1226
[   12186ms] [ERROR] ./apps/web/app/api/auth/login/route.ts:2:1
Export getResponseMessage doesn't exist in target module
  1 | import { NextRequest, NextResponse } from 'next/server'
> 2 | import {
    | ^^^^^^^
> 3 |   getResponseMessage,
    | ^^^^^^^^^^^^^^^^^^^^^
> 4 |   readJsonRequestBody,
    | ^^^^^^^^^^^^^^^^^^^^^^
> 5 |   readResponseBody,
    | ^^^^^^^^^^^^^^^^^^^
> 6 | } from '@/lib/api-proxy'
    | ^^^^^^^^^^^^^^^^^^^^^^^^
  7 | import {
  8 |   AUTH_SESSION_COOKIE,
  9 |   getRedirectPathForSession,

The export getResponseMessage was not found in module [project]/apps/web/lib/api-proxy.ts [app-route] (ecmascript).
Did you mean to import createRoleProxyRequest?
All exports of the module are statically known (It doesn't have dynamic exports). So it's known statically that the requested export doesn't exist. @ http://localhost:3000/_next/static/chunks/11y7_next_dist_08kviqv._.js:1945
[   12186ms] [ERROR] ./apps/web/app/api/auth/login/route.ts:2:1
Export readJsonRequestBody doesn't exist in target module
  1 | import { NextRequest, NextResponse } from 'next/server'
> 2 | import {
    | ^^^^^^^
> 3 |   getResponseMessage,
    | ^^^^^^^^^^^^^^^^^^^^^
> 4 |   readJsonRequestBody,
    | ^^^^^^^^^^^^^^^^^^^^^^
> 5 |   readResponseBody,
    | ^^^^^^^^^^^^^^^^^^^
> 6 | } from '@/lib/api-proxy'
    | ^^^^^^^^^^^^^^^^^^^^^^^^
  7 | import {
  8 |   AUTH_SESSION_COOKIE,
  9 |   getRedirectPathForSession,

The export readJsonRequestBody was not found in module [project]/apps/web/lib/api-proxy.ts [app-route] (ecmascript).
Did you mean to import createRoleProxyRequest?
All exports of the module are statically known (It doesn't have dynamic exports). So it's known statically that the requested export doesn't exist. @ http://localhost:3000/_next/static/chunks/11y7_next_dist_08kviqv._.js:1945
[   12186ms] [ERROR] ./apps/web/app/api/auth/login/route.ts:2:1
Export readResponseBody doesn't exist in target module
  1 | import { NextRequest, NextResponse } from 'next/server'
> 2 | import {
    | ^^^^^^^
> 3 |   getResponseMessage,
    | ^^^^^^^^^^^^^^^^^^^^^
> 4 |   readJsonRequestBody,
    | ^^^^^^^^^^^^^^^^^^^^^^
> 5 |   readResponseBody,
    | ^^^^^^^^^^^^^^^^^^^
> 6 | } from '@/lib/api-proxy'
    | ^^^^^^^^^^^^^^^^^^^^^^^^
  7 | import {
  8 |   AUTH_SESSION_COOKIE,
  9 |   getRedirectPathForSession,

The export readResponseBody was not found in module [project]/apps/web/lib/api-proxy.ts [app-route] (ecmascript).
Did you mean to import buildProxyResponse?
All exports of the module are statically known (It doesn't have dynamic exports). So it's known statically that the requested export doesn't exist. @ http://localhost:3000/_next/static/chunks/11y7_next_dist_08kviqv._.js:1945
[   12253ms] [LOG] [Fast Refresh] rebuilding @ http://localhost:3000/_next/static/chunks/11y7_next_dist_08kviqv._.js:1226
